#
# There is insufficient memory for the Java Runtime Environment to continue.
# Native memory allocation (malloc) failed to allocate 784416 bytes. Error detail: Chunk::new
# Possible reasons:
#   The system is out of physical RAM or swap space
#   This process is running with CompressedOops enabled, and the Java Heap may be blocking the growth of the native heap
# Possible solutions:
#   Reduce memory load on the system
#   Increase physical memory or swap space
#   Check if swap backing store is full
#   Decrease Java heap size (-Xmx/-Xms)
#   Decrease number of Java threads
#   Decrease Java thread stack sizes (-Xss)
#   Set larger code cache with -XX:ReservedCodeCacheSize=
#   JVM is running with Unscaled Compressed Oops mode in which the Java heap is
#     placed in the first 4GB address space. The Java Heap base address is the
#     maximum limit for the native heap growth. Please use -XX:HeapBaseMinAddress
#     to set the Java Heap base and to place the Java Heap above 4GB virtual address.
# This output file may be truncated or incomplete.
#
#  Out of Memory Error (arena.cpp:191), pid=24904, tid=24408
#
# JRE version: OpenJDK Runtime Environment Microsoft-9388408 (17.0.11+9) (build 17.0.11+9-LTS)
# Java VM: OpenJDK 64-Bit Server VM Microsoft-9388408 (17.0.11+9-LTS, mixed mode, sharing, tiered, compressed oops, compressed class ptrs, g1 gc, windows-amd64)
# No core dump will be written. Minidumps are not enabled by default on client versions of Windows
#

---------------  S U M M A R Y ------------

Command Line: -XX:MaxMetaspaceSize=512m --add-opens=java.base/java.util=ALL-UNNAMED --add-opens=java.base/java.lang=ALL-UNNAMED --add-opens=java.base/java.lang.invoke=ALL-UNNAMED --add-opens=java.prefs/java.util.prefs=ALL-UNNAMED --add-opens=java.base/java.nio.charset=ALL-UNNAMED --add-opens=java.base/java.net=ALL-UNNAMED --add-opens=java.base/java.util.concurrent.atomic=ALL-UNNAMED -Xmx2048m -Dfile.encoding=windows-1252 -Duser.country=IN -Duser.language=en -Duser.variant -javaagent:C:\Users\ritik\.gradle\wrapper\dists\gradle-8.3-all\6en3ugtfdg5xnpx44z4qbwgas\gradle-8.3\lib\agents\gradle-instrumentation-agent-8.3.jar org.gradle.launcher.daemon.bootstrap.GradleDaemon 8.3

Host: AMD Ryzen 5 5500U with Radeon Graphics         , 12 cores, 5G,  Windows 11 , 64 bit Build 22621 (10.0.22621.3527)
Time: Sun Jun  2 17:58:47 2024 India Standard Time elapsed time: 6.495942 seconds (0d 0h 0m 6s)

---------------  T H R E A D  ---------------

Current thread (0x000002a0dc8fd050):  JavaThread "C2 CompilerThread0" daemon [_thread_in_native, id=24408, stack(0x000000e5bd400000,0x000000e5bd500000)]


Current CompileTask:
C2:   6496 2301   !   4       java.net.URLClassLoader::findClass (47 bytes)

Stack: [0x000000e5bd400000,0x000000e5bd500000]
Native frames: (J=compiled Java code, j=interpreted, Vv=VM code, C=native code)
V  [jvm.dll+0x67f6d9]
V  [jvm.dll+0x83773a]
V  [jvm.dll+0x8391fe]
V  [jvm.dll+0x839863]
V  [jvm.dll+0x247fbf]
V  [jvm.dll+0xac544]
V  [jvm.dll+0xacb8c]
V  [jvm.dll+0x2af9ff]
V  [jvm.dll+0x586b27]
V  [jvm.dll+0x222f82]
V  [jvm.dll+0x21c20a]
V  [jvm.dll+0x219901]
V  [jvm.dll+0x1a5396]
V  [jvm.dll+0x2297cd]
V  [jvm.dll+0x22799c]
V  [jvm.dll+0x7ec8b7]
V  [jvm.dll+0x7e6cba]
V  [jvm.dll+0x67e5c5]
C  [ucrtbase.dll+0x29333]
C  [KERNEL32.DLL+0x1257d]
C  [ntdll.dll+0x5aa48]


---------------  P R O C E S S  ---------------

Threads class SMR info:
_java_thread_list=0x000002a0fe0c5fe0, length=25, elements={
0x000002a0be7992d0, 0x000002a0dc8e1fb0, 0x000002a0dc8e2d40, 0x000002a0dc8f6710,
0x000002a0dc8f90f0, 0x000002a0dc8fbad0, 0x000002a0dc8fc3a0, 0x000002a0dc8fd050,
0x000002a0dc8ffa20, 0x000002a0dc90e360, 0x000002a0dc8cfbf0, 0x000002a0dd3fd260,
0x000002a0fd82a720, 0x000002a0fdbda160, 0x000002a0fd89e4a0, 0x000002a0fd066460,
0x000002a0fd067160, 0x000002a0fde89f50, 0x000002a0fde86f20, 0x000002a0fdf636f0,
0x000002a0fdf65a60, 0x000002a0fdf65f70, 0x000002a0fdf63c00, 0x000002a0fdf66480,
0x000002a0fdf64110
}

Java Threads: ( => current thread )
  0x000002a0be7992d0 JavaThread "main" [_thread_blocked, id=23936, stack(0x000000e5bc700000,0x000000e5bc800000)]
  0x000002a0dc8e1fb0 JavaThread "Reference Handler" daemon [_thread_blocked, id=6468, stack(0x000000e5bce00000,0x000000e5bcf00000)]
  0x000002a0dc8e2d40 JavaThread "Finalizer" daemon [_thread_blocked, id=15572, stack(0x000000e5bcf00000,0x000000e5bd000000)]
  0x000002a0dc8f6710 JavaThread "Signal Dispatcher" daemon [_thread_blocked, id=24228, stack(0x000000e5bd000000,0x000000e5bd100000)]
  0x000002a0dc8f90f0 JavaThread "Attach Listener" daemon [_thread_blocked, id=17848, stack(0x000000e5bd100000,0x000000e5bd200000)]
  0x000002a0dc8fbad0 JavaThread "Service Thread" daemon [_thread_blocked, id=12404, stack(0x000000e5bd200000,0x000000e5bd300000)]
  0x000002a0dc8fc3a0 JavaThread "Monitor Deflation Thread" daemon [_thread_blocked, id=23656, stack(0x000000e5bd300000,0x000000e5bd400000)]
=>0x000002a0dc8fd050 JavaThread "C2 CompilerThread0" daemon [_thread_in_native, id=24408, stack(0x000000e5bd400000,0x000000e5bd500000)]
  0x000002a0dc8ffa20 JavaThread "C1 CompilerThread0" daemon [_thread_blocked, id=13828, stack(0x000000e5bd500000,0x000000e5bd600000)]
  0x000002a0dc90e360 JavaThread "Sweeper thread" daemon [_thread_blocked, id=10624, stack(0x000000e5bd600000,0x000000e5bd700000)]
  0x000002a0dc8cfbf0 JavaThread "Common-Cleaner" daemon [_thread_blocked, id=15552, stack(0x000000e5bd700000,0x000000e5bd800000)]
  0x000002a0dd3fd260 JavaThread "Notification Thread" daemon [_thread_blocked, id=21792, stack(0x000000e5bd800000,0x000000e5bd900000)]
  0x000002a0fd82a720 JavaThread "Daemon health stats" [_thread_blocked, id=23808, stack(0x000000e5bde00000,0x000000e5bdf00000)]
  0x000002a0fdbda160 JavaThread "Incoming local TCP Connector on port 54874" [_thread_in_native, id=18236, stack(0x000000e5bdf00000,0x000000e5be000000)]
  0x000002a0fd89e4a0 JavaThread "Daemon periodic checks" [_thread_blocked, id=6696, stack(0x000000e5be000000,0x000000e5be100000)]
  0x000002a0fd066460 JavaThread "Daemon" [_thread_blocked, id=11580, stack(0x000000e5be100000,0x000000e5be200000)]
  0x000002a0fd067160 JavaThread "Handler for socket connection from /127.0.0.1:54874 to /127.0.0.1:54875" [_thread_in_native, id=24096, stack(0x000000e5be200000,0x000000e5be300000)]
  0x000002a0fde89f50 JavaThread "Cancel handler" [_thread_blocked, id=24180, stack(0x000000e5be300000,0x000000e5be400000)]
  0x000002a0fde86f20 JavaThread "Daemon worker" [_thread_in_vm, id=24744, stack(0x000000e5be400000,0x000000e5be500000)]
  0x000002a0fdf636f0 JavaThread "Asynchronous log dispatcher for DefaultDaemonConnection: socket connection from /127.0.0.1:54874 to /127.0.0.1:54875" [_thread_blocked, id=23564, stack(0x000000e5be500000,0x000000e5be600000)]
  0x000002a0fdf65a60 JavaThread "Stdin handler" [_thread_blocked, id=15380, stack(0x000000e5be600000,0x000000e5be700000)]
  0x000002a0fdf65f70 JavaThread "Daemon client event forwarder" [_thread_blocked, id=24804, stack(0x000000e5be700000,0x000000e5be800000)]
  0x000002a0fdf63c00 JavaThread "Cache worker for journal cache (C:\Users\ritik\.gradle\caches\journal-1)" [_thread_blocked, id=21668, stack(0x000000e5bed00000,0x000000e5bee00000)]
  0x000002a0fdf66480 JavaThread "File lock request listener" [_thread_in_native, id=13204, stack(0x000000e5bee00000,0x000000e5bef00000)]
  0x000002a0fdf64110 JavaThread "Cache worker for file hash cache (C:\Users\ritik\.gradle\caches\8.3\fileHashes)" [_thread_blocked, id=26420, stack(0x000000e5bef00000,0x000000e5bf000000)]

Other Threads:
  0x000002a0dc8dc8e0 VMThread "VM Thread" [stack: 0x000000e5bcd00000,0x000000e5bce00000] [id=21544]
  0x000002a0be79a060 WatcherThread [stack: 0x000000e5bd900000,0x000000e5bda00000] [id=14732]
  0x000002a0bc65e850 GCTaskThread "GC Thread#0" [stack: 0x000000e5bc800000,0x000000e5bc900000] [id=6744]
  0x000002a0ddd69b90 GCTaskThread "GC Thread#1" [stack: 0x000000e5bda00000,0x000000e5bdb00000] [id=26036]
  0x000002a0ddc52a60 GCTaskThread "GC Thread#2" [stack: 0x000000e5bdb00000,0x000000e5bdc00000] [id=21880]
  0x000002a0ddc56d30 GCTaskThread "GC Thread#3" [stack: 0x000000e5bdc00000,0x000000e5bdd00000] [id=25056]
  0x000002a0ddc467f0 GCTaskThread "GC Thread#4" [stack: 0x000000e5bdd00000,0x000000e5bde00000] [id=23312]
  0x000002a0fe0dac70 GCTaskThread "GC Thread#5" [stack: 0x000000e5be800000,0x000000e5be900000] [id=25316]
  0x000002a0fe3757c0 GCTaskThread "GC Thread#6" [stack: 0x000000e5be900000,0x000000e5bea00000] [id=24732]
  0x000002a0fde3d460 GCTaskThread "GC Thread#7" [stack: 0x000000e5bea00000,0x000000e5beb00000] [id=18820]
  0x000002a0fde3d720 GCTaskThread "GC Thread#8" [stack: 0x000000e5beb00000,0x000000e5bec00000] [id=25544]
  0x000002a0fde3d9e0 GCTaskThread "GC Thread#9" [stack: 0x000000e5bec00000,0x000000e5bed00000] [id=22468]
  0x000002a0be8005a0 ConcurrentGCThread "G1 Main Marker" [stack: 0x000000e5bc900000,0x000000e5bca00000] [id=24444]
  0x000002a0be800ed0 ConcurrentGCThread "G1 Conc#0" [stack: 0x000000e5bca00000,0x000000e5bcb00000] [id=11392]
  0x000002a0dc795fe0 ConcurrentGCThread "G1 Refine#0" [stack: 0x000000e5bcb00000,0x000000e5bcc00000] [id=24064]
  0x000002a0dc797830 ConcurrentGCThread "G1 Service" [stack: 0x000000e5bcc00000,0x000000e5bcd00000] [id=4792]

Threads with active compile tasks:
C2 CompilerThread0     6544 2301   !   4       java.net.URLClassLoader::findClass (47 bytes)

VM state: not at safepoint (normal execution)

VM Mutex/Monitor currently owned by a thread: None

Heap address: 0x0000000080000000, size: 2048 MB, Compressed Oops mode: 32-bit

CDS archive(s) mapped at: [0x000002a0de000000-0x000002a0debb0000-0x000002a0debb0000), size 12255232, SharedBaseAddress: 0x000002a0de000000, ArchiveRelocationMode: 1.
Compressed class space mapped at: 0x000002a0df000000-0x000002a0f9000000, reserved size: 436207616
Narrow klass base: 0x000002a0de000000, Narrow klass shift: 0, Narrow klass range: 0x100000000

GC Precious Log:
 CPUs: 12 total, 12 available
 Memory: 5989M
 Large Page Support: Disabled
 NUMA Support: Disabled
 Compressed Oops: Enabled (32-bit)
 Heap Region Size: 1M
 Heap Min Capacity: 8M
 Heap Initial Capacity: 94M
 Heap Max Capacity: 2G
 Pre-touch: Disabled
 Parallel Workers: 10
 Concurrent Workers: 3
 Concurrent Refinement Workers: 10
 Periodic GC: Disabled

Heap:
 garbage-first heap   total 96256K, used 50897K [0x0000000080000000, 0x0000000100000000)
  region size 1024K, 39 young (39936K), 7 survivors (7168K)
 Metaspace       used 17253K, committed 17600K, reserved 491520K
  class space    used 2505K, committed 2688K, reserved 425984K

Heap Regions: E=young(eden), S=young(survivor), O=old, HS=humongous(starts), HC=humongous(continues), CS=collection set, F=free, OA=open archive, CA=closed archive, TAMS=top-at-mark-start (previous, next)
|   0|0x0000000080000000, 0x0000000080100000, 0x0000000080100000|100%|HS|  |TAMS 0x0000000080000000, 0x0000000080000000| Complete 
|   1|0x0000000080100000, 0x0000000080200000, 0x0000000080200000|100%|HC|  |TAMS 0x0000000080100000, 0x0000000080100000| Complete 
|   2|0x0000000080200000, 0x0000000080300000, 0x0000000080300000|100%|HC|  |TAMS 0x0000000080200000, 0x0000000080200000| Complete 
|   3|0x0000000080300000, 0x0000000080400000, 0x0000000080400000|100%|HC|  |TAMS 0x0000000080300000, 0x0000000080300000| Complete 
|   4|0x0000000080400000, 0x0000000080500000, 0x0000000080500000|100%| O|  |TAMS 0x0000000080400000, 0x0000000080400000| Untracked 
|   5|0x0000000080500000, 0x0000000080600000, 0x0000000080600000|100%| O|  |TAMS 0x0000000080500000, 0x0000000080500000| Untracked 
|   6|0x0000000080600000, 0x0000000080700000, 0x0000000080700000|100%| O|  |TAMS 0x0000000080600000, 0x0000000080600000| Untracked 
|   7|0x0000000080700000, 0x0000000080800000, 0x0000000080800000|100%| O|  |TAMS 0x0000000080700000, 0x0000000080700000| Untracked 
|   8|0x0000000080800000, 0x0000000080900000, 0x0000000080900000|100%| O|  |TAMS 0x0000000080800000, 0x0000000080800000| Untracked 
|   9|0x0000000080900000, 0x0000000080a00000, 0x0000000080a00000|100%| O|  |TAMS 0x0000000080900000, 0x0000000080900000| Untracked 
|  10|0x0000000080a00000, 0x0000000080b00000, 0x0000000080b00000|100%| O|  |TAMS 0x0000000080a00000, 0x0000000080a00000| Untracked 
|  11|0x0000000080b00000, 0x0000000080b00000, 0x0000000080c00000|  0%| F|  |TAMS 0x0000000080b00000, 0x0000000080b00000| Untracked 
|  12|0x0000000080c00000, 0x0000000080cb4400, 0x0000000080d00000| 70%| O|  |TAMS 0x0000000080c00000, 0x0000000080c00000| Untracked 
|  13|0x0000000080d00000, 0x0000000080d00000, 0x0000000080e00000|  0%| F|  |TAMS 0x0000000080d00000, 0x0000000080d00000| Untracked 
|  14|0x0000000080e00000, 0x0000000080e00000, 0x0000000080f00000|  0%| F|  |TAMS 0x0000000080e00000, 0x0000000080e00000| Untracked 
|  15|0x0000000080f00000, 0x0000000080f00000, 0x0000000081000000|  0%| F|  |TAMS 0x0000000080f00000, 0x0000000080f00000| Untracked 
|  16|0x0000000081000000, 0x0000000081000000, 0x0000000081100000|  0%| F|  |TAMS 0x0000000081000000, 0x0000000081000000| Untracked 
|  17|0x0000000081100000, 0x0000000081100000, 0x0000000081200000|  0%| F|  |TAMS 0x0000000081100000, 0x0000000081100000| Untracked 
|  18|0x0000000081200000, 0x0000000081200000, 0x0000000081300000|  0%| F|  |TAMS 0x0000000081200000, 0x0000000081200000| Untracked 
|  19|0x0000000081300000, 0x0000000081300000, 0x0000000081400000|  0%| F|  |TAMS 0x0000000081300000, 0x0000000081300000| Untracked 
|  20|0x0000000081400000, 0x0000000081400000, 0x0000000081500000|  0%| F|  |TAMS 0x0000000081400000, 0x0000000081400000| Untracked 
|  21|0x0000000081500000, 0x0000000081500000, 0x0000000081600000|  0%| F|  |TAMS 0x0000000081500000, 0x0000000081500000| Untracked 
|  22|0x0000000081600000, 0x0000000081600000, 0x0000000081700000|  0%| F|  |TAMS 0x0000000081600000, 0x0000000081600000| Untracked 
|  23|0x0000000081700000, 0x0000000081700000, 0x0000000081800000|  0%| F|  |TAMS 0x0000000081700000, 0x0000000081700000| Untracked 
|  24|0x0000000081800000, 0x0000000081800000, 0x0000000081900000|  0%| F|  |TAMS 0x0000000081800000, 0x0000000081800000| Untracked 
|  25|0x0000000081900000, 0x0000000081900000, 0x0000000081a00000|  0%| F|  |TAMS 0x0000000081900000, 0x0000000081900000| Untracked 
|  26|0x0000000081a00000, 0x0000000081a00000, 0x0000000081b00000|  0%| F|  |TAMS 0x0000000081a00000, 0x0000000081a00000| Untracked 
|  27|0x0000000081b00000, 0x0000000081b00000, 0x0000000081c00000|  0%| F|  |TAMS 0x0000000081b00000, 0x0000000081b00000| Untracked 
|  28|0x0000000081c00000, 0x0000000081c00000, 0x0000000081d00000|  0%| F|  |TAMS 0x0000000081c00000, 0x0000000081c00000| Untracked 
|  29|0x0000000081d00000, 0x0000000081d00000, 0x0000000081e00000|  0%| F|  |TAMS 0x0000000081d00000, 0x0000000081d00000| Untracked 
|  30|0x0000000081e00000, 0x0000000081e00000, 0x0000000081f00000|  0%| F|  |TAMS 0x0000000081e00000, 0x0000000081e00000| Untracked 
|  31|0x0000000081f00000, 0x0000000081f00000, 0x0000000082000000|  0%| F|  |TAMS 0x0000000081f00000, 0x0000000081f00000| Untracked 
|  32|0x0000000082000000, 0x0000000082000000, 0x0000000082100000|  0%| F|  |TAMS 0x0000000082000000, 0x0000000082000000| Untracked 
|  33|0x0000000082100000, 0x0000000082200000, 0x0000000082200000|100%| S|CS|TAMS 0x0000000082100000, 0x0000000082100000| Complete 
|  34|0x0000000082200000, 0x0000000082300000, 0x0000000082300000|100%| S|CS|TAMS 0x0000000082200000, 0x0000000082200000| Complete 
|  35|0x0000000082300000, 0x0000000082400000, 0x0000000082400000|100%| S|CS|TAMS 0x0000000082300000, 0x0000000082300000| Complete 
|  36|0x0000000082400000, 0x0000000082500000, 0x0000000082500000|100%| S|CS|TAMS 0x0000000082400000, 0x0000000082400000| Complete 
|  37|0x0000000082500000, 0x0000000082600000, 0x0000000082600000|100%| S|CS|TAMS 0x0000000082500000, 0x0000000082500000| Complete 
|  38|0x0000000082600000, 0x0000000082700000, 0x0000000082700000|100%| S|CS|TAMS 0x0000000082600000, 0x0000000082600000| Complete 
|  39|0x0000000082700000, 0x0000000082800000, 0x0000000082800000|100%| S|CS|TAMS 0x0000000082700000, 0x0000000082700000| Complete 
|  40|0x0000000082800000, 0x0000000082800000, 0x0000000082900000|  0%| F|  |TAMS 0x0000000082800000, 0x0000000082800000| Untracked 
|  41|0x0000000082900000, 0x0000000082900000, 0x0000000082a00000|  0%| F|  |TAMS 0x0000000082900000, 0x0000000082900000| Untracked 
|  42|0x0000000082a00000, 0x0000000082a00000, 0x0000000082b00000|  0%| F|  |TAMS 0x0000000082a00000, 0x0000000082a00000| Untracked 
|  43|0x0000000082b00000, 0x0000000082b00000, 0x0000000082c00000|  0%| F|  |TAMS 0x0000000082b00000, 0x0000000082b00000| Untracked 
|  44|0x0000000082c00000, 0x0000000082c00000, 0x0000000082d00000|  0%| F|  |TAMS 0x0000000082c00000, 0x0000000082c00000| Untracked 
|  45|0x0000000082d00000, 0x0000000082d00000, 0x0000000082e00000|  0%| F|  |TAMS 0x0000000082d00000, 0x0000000082d00000| Untracked 
|  46|0x0000000082e00000, 0x0000000082e00000, 0x0000000082f00000|  0%| F|  |TAMS 0x0000000082e00000, 0x0000000082e00000| Untracked 
|  47|0x0000000082f00000, 0x0000000082f00000, 0x0000000083000000|  0%| F|  |TAMS 0x0000000082f00000, 0x0000000082f00000| Untracked 
|  48|0x0000000083000000, 0x0000000083000000, 0x0000000083100000|  0%| F|  |TAMS 0x0000000083000000, 0x0000000083000000| Untracked 
|  49|0x0000000083100000, 0x0000000083100000, 0x0000000083200000|  0%| F|  |TAMS 0x0000000083100000, 0x0000000083100000| Untracked 
|  50|0x0000000083200000, 0x0000000083200000, 0x0000000083300000|  0%| F|  |TAMS 0x0000000083200000, 0x0000000083200000| Untracked 
|  51|0x0000000083300000, 0x0000000083300000, 0x0000000083400000|  0%| F|  |TAMS 0x0000000083300000, 0x0000000083300000| Untracked 
|  52|0x0000000083400000, 0x0000000083400000, 0x0000000083500000|  0%| F|  |TAMS 0x0000000083400000, 0x0000000083400000| Untracked 
|  53|0x0000000083500000, 0x0000000083500000, 0x0000000083600000|  0%| F|  |TAMS 0x0000000083500000, 0x0000000083500000| Untracked 
|  54|0x0000000083600000, 0x0000000083600000, 0x0000000083700000|  0%| F|  |TAMS 0x0000000083600000, 0x0000000083600000| Untracked 
|  55|0x0000000083700000, 0x0000000083700000, 0x0000000083800000|  0%| F|  |TAMS 0x0000000083700000, 0x0000000083700000| Untracked 
|  56|0x0000000083800000, 0x0000000083800000, 0x0000000083900000|  0%| F|  |TAMS 0x0000000083800000, 0x0000000083800000| Untracked 
|  57|0x0000000083900000, 0x0000000083900000, 0x0000000083a00000|  0%| F|  |TAMS 0x0000000083900000, 0x0000000083900000| Untracked 
|  58|0x0000000083a00000, 0x0000000083a00000, 0x0000000083b00000|  0%| F|  |TAMS 0x0000000083a00000, 0x0000000083a00000| Untracked 
|  59|0x0000000083b00000, 0x0000000083b00000, 0x0000000083c00000|  0%| F|  |TAMS 0x0000000083b00000, 0x0000000083b00000| Untracked 
|  60|0x0000000083c00000, 0x0000000083c00000, 0x0000000083d00000|  0%| F|  |TAMS 0x0000000083c00000, 0x0000000083c00000| Untracked 
|  61|0x0000000083d00000, 0x0000000083d00000, 0x0000000083e00000|  0%| F|  |TAMS 0x0000000083d00000, 0x0000000083d00000| Untracked 
|  62|0x0000000083e00000, 0x0000000083e5c8a0, 0x0000000083f00000| 36%| E|  |TAMS 0x0000000083e00000, 0x0000000083e00000| Complete 
|  63|0x0000000083f00000, 0x0000000084000000, 0x0000000084000000|100%| E|CS|TAMS 0x0000000083f00000, 0x0000000083f00000| Complete 
|  64|0x0000000084000000, 0x0000000084100000, 0x0000000084100000|100%| E|CS|TAMS 0x0000000084000000, 0x0000000084000000| Complete 
|  65|0x0000000084100000, 0x0000000084200000, 0x0000000084200000|100%| E|CS|TAMS 0x0000000084100000, 0x0000000084100000| Complete 
|  66|0x0000000084200000, 0x0000000084300000, 0x0000000084300000|100%| E|CS|TAMS 0x0000000084200000, 0x0000000084200000| Complete 
|  67|0x0000000084300000, 0x0000000084400000, 0x0000000084400000|100%| E|CS|TAMS 0x0000000084300000, 0x0000000084300000| Complete 
|  68|0x0000000084400000, 0x0000000084500000, 0x0000000084500000|100%| E|CS|TAMS 0x0000000084400000, 0x0000000084400000| Complete 
|  69|0x0000000084500000, 0x0000000084600000, 0x0000000084600000|100%| E|CS|TAMS 0x0000000084500000, 0x0000000084500000| Complete 
|  70|0x0000000084600000, 0x0000000084700000, 0x0000000084700000|100%| E|CS|TAMS 0x0000000084600000, 0x0000000084600000| Complete 
|  71|0x0000000084700000, 0x0000000084800000, 0x0000000084800000|100%| E|CS|TAMS 0x0000000084700000, 0x0000000084700000| Complete 
|  72|0x0000000084800000, 0x0000000084900000, 0x0000000084900000|100%| E|CS|TAMS 0x0000000084800000, 0x0000000084800000| Complete 
|  73|0x0000000084900000, 0x0000000084a00000, 0x0000000084a00000|100%| E|CS|TAMS 0x0000000084900000, 0x0000000084900000| Complete 
|  74|0x0000000084a00000, 0x0000000084b00000, 0x0000000084b00000|100%| E|CS|TAMS 0x0000000084a00000, 0x0000000084a00000| Complete 
|  75|0x0000000084b00000, 0x0000000084c00000, 0x0000000084c00000|100%| E|CS|TAMS 0x0000000084b00000, 0x0000000084b00000| Complete 
|  76|0x0000000084c00000, 0x0000000084d00000, 0x0000000084d00000|100%| E|CS|TAMS 0x0000000084c00000, 0x0000000084c00000| Complete 
|  77|0x0000000084d00000, 0x0000000084e00000, 0x0000000084e00000|100%| E|CS|TAMS 0x0000000084d00000, 0x0000000084d00000| Complete 
|  78|0x0000000084e00000, 0x0000000084f00000, 0x0000000084f00000|100%| E|CS|TAMS 0x0000000084e00000, 0x0000000084e00000| Complete 
|  79|0x0000000084f00000, 0x0000000085000000, 0x0000000085000000|100%| E|CS|TAMS 0x0000000084f00000, 0x0000000084f00000| Complete 
|  80|0x0000000085000000, 0x0000000085100000, 0x0000000085100000|100%| E|CS|TAMS 0x0000000085000000, 0x0000000085000000| Complete 
|  81|0x0000000085100000, 0x0000000085200000, 0x0000000085200000|100%| E|CS|TAMS 0x0000000085100000, 0x0000000085100000| Complete 
|  82|0x0000000085200000, 0x0000000085300000, 0x0000000085300000|100%| E|CS|TAMS 0x0000000085200000, 0x0000000085200000| Complete 
|  83|0x0000000085300000, 0x0000000085400000, 0x0000000085400000|100%| E|CS|TAMS 0x0000000085300000, 0x0000000085300000| Complete 
|  84|0x0000000085400000, 0x0000000085500000, 0x0000000085500000|100%| E|CS|TAMS 0x0000000085400000, 0x0000000085400000| Complete 
|  85|0x0000000085500000, 0x0000000085600000, 0x0000000085600000|100%| E|CS|TAMS 0x0000000085500000, 0x0000000085500000| Complete 
|  86|0x0000000085600000, 0x0000000085700000, 0x0000000085700000|100%| E|CS|TAMS 0x0000000085600000, 0x0000000085600000| Complete 
|  87|0x0000000085700000, 0x0000000085800000, 0x0000000085800000|100%| E|CS|TAMS 0x0000000085700000, 0x0000000085700000| Complete 
|  88|0x0000000085800000, 0x0000000085900000, 0x0000000085900000|100%| E|CS|TAMS 0x0000000085800000, 0x0000000085800000| Complete 
|  89|0x0000000085900000, 0x0000000085a00000, 0x0000000085a00000|100%| E|CS|TAMS 0x0000000085900000, 0x0000000085900000| Complete 
|  90|0x0000000085a00000, 0x0000000085b00000, 0x0000000085b00000|100%| E|CS|TAMS 0x0000000085a00000, 0x0000000085a00000| Complete 
|  91|0x0000000085b00000, 0x0000000085c00000, 0x0000000085c00000|100%| E|CS|TAMS 0x0000000085b00000, 0x0000000085b00000| Complete 
|  92|0x0000000085c00000, 0x0000000085d00000, 0x0000000085d00000|100%| E|CS|TAMS 0x0000000085c00000, 0x0000000085c00000| Complete 
|  93|0x0000000085d00000, 0x0000000085e00000, 0x0000000085e00000|100%| E|CS|TAMS 0x0000000085d00000, 0x0000000085d00000| Complete 

Card table byte_map: [0x000002a0d5c00000,0x000002a0d6000000] _byte_map_base: 0x000002a0d5800000

Marking Bits (Prev, Next): (CMBitMap*) 0x000002a0be7efeb0, (CMBitMap*) 0x000002a0be7efef0
 Prev Bits: [0x000002a0d6400000, 0x000002a0d8400000)
 Next Bits: [0x000002a0d8400000, 0x000002a0da400000)

Polling page: 0x000002a0bc550000

Metaspace:

Usage:
  Non-class:     14.41 MB used.
      Class:      2.45 MB used.
       Both:     16.86 MB used.

Virtual space:
  Non-class space:       64.00 MB reserved,      14.56 MB ( 23%) committed,  1 nodes.
      Class space:      416.00 MB reserved,       2.62 MB ( <1%) committed,  1 nodes.
             Both:      480.00 MB reserved,      17.19 MB (  4%) committed. 

Chunk freelists:
   Non-Class:  928.00 KB
       Class:  13.41 MB
        Both:  14.31 MB

MaxMetaspaceSize: 512.00 MB
CompressedClassSpaceSize: 416.00 MB
Initial GC threshold: 21.00 MB
Current GC threshold: 21.00 MB
CDS: on
MetaspaceReclaimPolicy: balanced
 - commit_granule_bytes: 65536.
 - commit_granule_words: 8192.
 - virtual_space_node_default_size: 8388608.
 - enlarge_chunks_in_place: 1.
 - new_chunks_are_fully_committed: 0.
 - uncommit_free_chunks: 1.
 - use_allocation_guard: 0.
 - handle_deallocations: 1.


Internal statistics:

num_allocs_failed_limit: 0.
num_arena_births: 218.
num_arena_deaths: 0.
num_vsnodes_births: 2.
num_vsnodes_deaths: 0.
num_space_committed: 275.
num_space_uncommitted: 0.
num_chunks_returned_to_freelist: 0.
num_chunks_taken_from_freelist: 799.
num_chunk_merges: 0.
num_chunk_splits: 533.
num_chunks_enlarged: 389.
num_inconsistent_stats: 0.

CodeHeap 'non-profiled nmethods': size=120000Kb used=1203Kb max_used=1203Kb free=118796Kb
 bounds [0x000002a0cdd80000, 0x000002a0cdff0000, 0x000002a0d52b0000]
CodeHeap 'profiled nmethods': size=120000Kb used=5004Kb max_used=5004Kb free=114995Kb
 bounds [0x000002a0c62b0000, 0x000002a0c67a0000, 0x000002a0cd7e0000]
CodeHeap 'non-nmethods': size=5760Kb used=1226Kb max_used=1261Kb free=4533Kb
 bounds [0x000002a0cd7e0000, 0x000002a0cda50000, 0x000002a0cdd80000]
 total_blobs=2952 nmethods=2416 adapters=448
 compilation: enabled
              stopped_count=0, restarted_count=0
 full_count=0

Compilation events (20 events):
Event: 6.414 Thread 0x000002a0dc8ffa20 2384       3       org.objectweb.asm.Frame::merge (322 bytes)
Event: 6.415 Thread 0x000002a0dc8ffa20 nmethod 2384 0x000002a0c677ee10 code [0x000002a0c677f040, 0x000002a0c677f9c8]
Event: 6.415 Thread 0x000002a0dc8ffa20 2385       3       org.gradle.model.internal.asm.MethodVisitorScope::_ALOAD (8 bytes)
Event: 6.415 Thread 0x000002a0dc8ffa20 nmethod 2385 0x000002a0c677fc10 code [0x000002a0c677fdc0, 0x000002a0c6780048]
Event: 6.417 Thread 0x000002a0dc8ffa20 2387       3       org.objectweb.asm.Frame::pop (53 bytes)
Event: 6.418 Thread 0x000002a0dc8ffa20 nmethod 2387 0x000002a0c6780190 code [0x000002a0c67803e0, 0x000002a0c6780b58]
Event: 6.418 Thread 0x000002a0dc8ffa20 2388       3       org.objectweb.asm.Handler::getExceptionTableLength (21 bytes)
Event: 6.418 Thread 0x000002a0dc8ffa20 nmethod 2388 0x000002a0c6780e90 code [0x000002a0c6781020, 0x000002a0c67811b8]
Event: 6.418 Thread 0x000002a0dc8ffa20 2389       3       org.objectweb.asm.ByteVector::putInt (74 bytes)
Event: 6.418 Thread 0x000002a0dc8ffa20 nmethod 2389 0x000002a0c6781290 code [0x000002a0c6781440, 0x000002a0c67816a8]
Event: 6.418 Thread 0x000002a0dc8ffa20 2390       3       org.objectweb.asm.Handler::getExceptionTableSize (10 bytes)
Event: 6.419 Thread 0x000002a0dc8ffa20 nmethod 2390 0x000002a0c6781810 code [0x000002a0c67819c0, 0x000002a0c6781bb8]
Event: 6.419 Thread 0x000002a0dc8ffa20 2391       1       org.objectweb.asm.MethodWriter::hasAsmInstructions (5 bytes)
Event: 6.419 Thread 0x000002a0dc8ffa20 nmethod 2391 0x000002a0cdeac910 code [0x000002a0cdeacaa0, 0x000002a0cdeacb78]
Event: 6.420 Thread 0x000002a0dc8ffa20 2392       3       org.gradle.internal.instantiation.generator.AbstractClassGenerator$PropertyMetadata::getType (34 bytes)
Event: 6.421 Thread 0x000002a0dc8ffa20 nmethod 2392 0x000002a0c6781d10 code [0x000002a0c6781f00, 0x000002a0c6782538]
Event: 6.441 Thread 0x000002a0dc8ffa20 2393       3       sun.nio.fs.WindowsPath::elementAsString (62 bytes)
Event: 6.442 Thread 0x000002a0dc8ffa20 nmethod 2393 0x000002a0c6782790 code [0x000002a0c67829a0, 0x000002a0c6782e48]
Event: 6.443 Thread 0x000002a0dc8ffa20 2394       3       org.gradle.internal.service.RelevantMethods::toServiceMethodList (61 bytes)
Event: 6.444 Thread 0x000002a0dc8ffa20 nmethod 2394 0x000002a0c6783190 code [0x000002a0c67833e0, 0x000002a0c6783f48]

GC Heap History (6 events):
Event: 2.159 GC heap before
{Heap before GC invocations=0 (full 0):
 garbage-first heap   total 96256K, used 26624K [0x0000000080000000, 0x0000000100000000)
  region size 1024K, 23 young (23552K), 0 survivors (0K)
 Metaspace       used 3026K, committed 3200K, reserved 491520K
  class space    used 387K, committed 448K, reserved 425984K
}
Event: 2.169 GC heap after
{Heap after GC invocations=1 (full 0):
 garbage-first heap   total 96256K, used 10672K [0x0000000080000000, 0x0000000100000000)
  region size 1024K, 3 young (3072K), 3 survivors (3072K)
 Metaspace       used 3026K, committed 3200K, reserved 491520K
  class space    used 387K, committed 448K, reserved 425984K
}
Event: 2.882 GC heap before
{Heap before GC invocations=1 (full 0):
 garbage-first heap   total 96256K, used 37296K [0x0000000080000000, 0x0000000100000000)
  region size 1024K, 29 young (29696K), 3 survivors (3072K)
 Metaspace       used 4005K, committed 4160K, reserved 491520K
  class space    used 490K, committed 576K, reserved 425984K
}
Event: 2.888 GC heap after
{Heap after GC invocations=2 (full 0):
 garbage-first heap   total 96256K, used 11679K [0x0000000080000000, 0x0000000100000000)
  region size 1024K, 2 young (2048K), 2 survivors (2048K)
 Metaspace       used 4005K, committed 4160K, reserved 491520K
  class space    used 490K, committed 576K, reserved 425984K
}
Event: 5.337 GC heap before
{Heap before GC invocations=2 (full 0):
 garbage-first heap   total 96256K, used 65951K [0x0000000080000000, 0x0000000100000000)
  region size 1024K, 54 young (55296K), 2 survivors (2048K)
 Metaspace       used 12846K, committed 13056K, reserved 491520K
  class space    used 1797K, committed 1920K, reserved 425984K
}
Event: 5.346 GC heap after
{Heap after GC invocations=3 (full 0):
 garbage-first heap   total 96256K, used 19153K [0x0000000080000000, 0x0000000100000000)
  region size 1024K, 7 young (7168K), 7 survivors (7168K)
 Metaspace       used 12846K, committed 13056K, reserved 491520K
  class space    used 1797K, committed 1920K, reserved 425984K
}

Dll operation events (15 events):
Event: 0.029 Loaded shared library C:\Program Files\Microsoft\jdk-17.0.11.9-hotspot\bin\java.dll
Event: 0.086 Loaded shared library C:\Program Files\Microsoft\jdk-17.0.11.9-hotspot\bin\jsvml.dll
Event: 0.228 Loaded shared library C:\Program Files\Microsoft\jdk-17.0.11.9-hotspot\bin\zip.dll
Event: 0.242 Loaded shared library C:\Program Files\Microsoft\jdk-17.0.11.9-hotspot\bin\instrument.dll
Event: 0.251 Loaded shared library C:\Program Files\Microsoft\jdk-17.0.11.9-hotspot\bin\net.dll
Event: 0.255 Loaded shared library C:\Program Files\Microsoft\jdk-17.0.11.9-hotspot\bin\nio.dll
Event: 0.262 Loaded shared library C:\Program Files\Microsoft\jdk-17.0.11.9-hotspot\bin\zip.dll
Event: 0.881 Loaded shared library C:\Program Files\Microsoft\jdk-17.0.11.9-hotspot\bin\jimage.dll
Event: 1.217 Loaded shared library C:\Program Files\Microsoft\jdk-17.0.11.9-hotspot\bin\verify.dll
Event: 1.869 Loaded shared library C:\Users\ritik\.gradle\native\68d5fa5c4cc2d200863cafc0d521ce42e7d3e7ee720ec0a83991735586a16f82\windows-amd64\native-platform.dll
Event: 1.947 Loaded shared library C:\Users\ritik\.gradle\native\e376f236ea51e6404a007f0833ffe2c6e607c4080706a723a18a27aeea778392\windows-amd64\native-platform-file-events.dll
Event: 3.444 Loaded shared library C:\Program Files\Microsoft\jdk-17.0.11.9-hotspot\bin\management.dll
Event: 3.452 Loaded shared library C:\Program Files\Microsoft\jdk-17.0.11.9-hotspot\bin\management_ext.dll
Event: 4.075 Loaded shared library C:\Program Files\Microsoft\jdk-17.0.11.9-hotspot\bin\extnet.dll
Event: 4.540 Loaded shared library C:\Program Files\Microsoft\jdk-17.0.11.9-hotspot\bin\sunmscapi.dll

Deoptimization events (20 events):
Event: 5.561 Thread 0x000002a0fde86f20 Uncommon trap: trap_request=0xffffff45 fr.pc=0x000002a0cdda2990 relative=0x0000000000000a90
Event: 5.561 Thread 0x000002a0fde86f20 Uncommon trap: reason=unstable_if action=reinterpret pc=0x000002a0cdda2990 method=java.io.WinNTFileSystem.resolve(Ljava/lang/String;Ljava/lang/String;)Ljava/lang/String; @ 19 c2
Event: 5.561 Thread 0x000002a0fde86f20 DEOPT PACKING pc=0x000002a0cdda2990 sp=0x000000e5be4fd0b0
Event: 5.561 Thread 0x000002a0fde86f20 DEOPT UNPACKING pc=0x000002a0cd8369a3 sp=0x000000e5be4fd058 mode 2
Event: 5.563 Thread 0x000002a0fde86f20 Uncommon trap: trap_request=0xffffff45 fr.pc=0x000002a0cddfc308 relative=0x00000000000005c8
Event: 5.563 Thread 0x000002a0fde86f20 Uncommon trap: reason=unstable_if action=reinterpret pc=0x000002a0cddfc308 method=java.io.File.getName()Ljava/lang/String; @ 16 c2
Event: 5.563 Thread 0x000002a0fde86f20 DEOPT PACKING pc=0x000002a0cddfc308 sp=0x000000e5be4fd050
Event: 5.563 Thread 0x000002a0fde86f20 DEOPT UNPACKING pc=0x000002a0cd8369a3 sp=0x000000e5be4fd020 mode 2
Event: 5.672 Thread 0x000002a0fde86f20 DEOPT PACKING pc=0x000002a0c66673c9 sp=0x000000e5be4fc910
Event: 5.672 Thread 0x000002a0fde86f20 DEOPT UNPACKING pc=0x000002a0cd837143 sp=0x000000e5be4fbe20 mode 0
Event: 6.184 Thread 0x000002a0fde86f20 DEOPT PACKING pc=0x000002a0c66673ea sp=0x000000e5be4fbda0
Event: 6.184 Thread 0x000002a0fde86f20 DEOPT UNPACKING pc=0x000002a0cd837143 sp=0x000000e5be4fb2b0 mode 0
Event: 6.235 Thread 0x000002a0fde86f20 DEOPT PACKING pc=0x000002a0c66673c9 sp=0x000000e5be4f7fc0
Event: 6.235 Thread 0x000002a0fde86f20 DEOPT UNPACKING pc=0x000002a0cd837143 sp=0x000000e5be4f74d0 mode 0
Event: 6.261 Thread 0x000002a0fde86f20 DEOPT PACKING pc=0x000002a0c66673ea sp=0x000000e5be4fc620
Event: 6.261 Thread 0x000002a0fde86f20 DEOPT UNPACKING pc=0x000002a0cd837143 sp=0x000000e5be4fbb30 mode 0
Event: 6.384 Thread 0x000002a0fde86f20 Uncommon trap: trap_request=0xffffff45 fr.pc=0x000002a0cde95900 relative=0x00000000000003c0
Event: 6.384 Thread 0x000002a0fde86f20 Uncommon trap: reason=unstable_if action=reinterpret pc=0x000002a0cde95900 method=java.util.HashMap.getNode(Ljava/lang/Object;)Ljava/util/HashMap$Node; @ 131 c2
Event: 6.384 Thread 0x000002a0fde86f20 DEOPT PACKING pc=0x000002a0cde95900 sp=0x000000e5be4fb050
Event: 6.384 Thread 0x000002a0fde86f20 DEOPT UNPACKING pc=0x000002a0cd8369a3 sp=0x000000e5be4faf70 mode 2

Classes unloaded (0 events):
No events

Classes redefined (0 events):
No events

Internal exceptions (20 events):
Event: 4.992 Thread 0x000002a0fde86f20 Exception <a 'java/lang/NoSuchMethodError'{0x00000000830fd838}: 'java.lang.Object java.lang.invoke.DirectMethodHandle$Holder.newInvokeSpecial(java.lang.Object, java.lang.Object, java.lang.Object, java.lang.Object, java.lang.Object, java.lang.Object)'> (0x00000000830fd838) 
thrown [s\src\hotspot\share\interpreter\linkResolver.cpp, line 759]
Event: 4.996 Thread 0x000002a0fde86f20 Exception <a 'java/lang/NoSuchMethodError'{0x0000000082f157f0}: 'void java.lang.invoke.DirectMethodHandle$Holder.invokeSpecial(java.lang.Object, java.lang.Object, java.lang.Object, java.lang.Object, java.lang.Object)'> (0x0000000082f157f0) 
thrown [s\src\hotspot\share\interpreter\linkResolver.cpp, line 759]
Event: 4.999 Thread 0x000002a0fde86f20 Exception <a 'java/lang/NoSuchMethodError'{0x0000000082f29610}: 'void java.lang.invoke.DirectMethodHandle$Holder.invokeStaticInit(java.lang.Object, java.lang.Object)'> (0x0000000082f29610) 
thrown [s\src\hotspot\share\interpreter\linkResolver.cpp, line 759]
Event: 5.100 Thread 0x000002a0fde86f20 Exception <a 'java/lang/NoSuchMethodError'{0x0000000082df2070}: 'void java.lang.invoke.DelegatingMethodHandle$Holder.reinvoke_L(java.lang.Object, java.lang.Object, java.lang.Object, java.lang.Object, java.lang.Object, java.lang.Object, java.lang.Object, java.lang.Object, java.lang.Object, java.lang.Object)'> (0x0000000082df2070) 
thrown [s\src\hotspot\share\interpreter\linkResolver.cpp, line 759]
Event: 5.102 Thread 0x000002a0fde86f20 Exception <a 'java/lang/NoSuchMethodError'{0x0000000082dfa4e0}: 'java.lang.Object java.lang.invoke.DirectMethodHandle$Holder.invokeSpecial(java.lang.Object, java.lang.Object, java.lang.Object, java.lang.Object, java.lang.Object, java.lang.Object, java.lang.Object, java.lang.Object, java.lang.Object, java.lang.Object)'> (0x0000000082dfa4e0) 
thrown [s\src\hotspot\share\interpreter\linkResolver.cpp, line 759]
Event: 5.102 Thread 0x000002a0fde86f20 Exception <a 'java/lang/NoSuchMethodError'{0x0000000082dfedb0}: 'java.lang.Object java.lang.invoke.Invokers$Holder.invoker(java.lang.Object, java.lang.Object, java.lang.Object, java.lang.Object, java.lang.Object, java.lang.Object, java.lang.Object, java.lang.Object, java.lang.Object, java.lang.Object)'> (0x0000000082dfedb0) 
thrown [s\src\hotspot\share\interpreter\linkResolver.cpp, line 759]
Event: 5.103 Thread 0x000002a0fde86f20 Exception <a 'java/lang/NoSuchMethodError'{0x0000000082c04e38}: 'java.lang.Object java.lang.invoke.DirectMethodHandle$Holder.invokeSpecial(java.lang.Object, java.lang.Object, java.lang.Object, java.lang.Object, java.lang.Object, java.lang.Object, java.lang.Object, java.lang.Object, java.lang.Object, java.lang.Object, java.lang.Object)'> (0x0000000082c04e38) 
thrown [s\src\hotspot\share\interpreter\linkResolver.cpp, line 759]
Event: 5.387 Thread 0x000002a0fde86f20 Exception <a 'java/lang/NoSuchMethodError'{0x0000000085c008b0}: 'void java.lang.invoke.DirectMethodHandle$Holder.invokeStaticInit(java.lang.Object)'> (0x0000000085c008b0) 
thrown [s\src\hotspot\share\interpreter\linkResolver.cpp, line 759]
Event: 5.425 Thread 0x000002a0fde86f20 Exception <a 'java/lang/NoSuchMethodError'{0x0000000085cdef58}: 'java.lang.Object java.lang.invoke.DirectMethodHandle$Holder.newInvokeSpecial(java.lang.Object, java.lang.Object, java.lang.Object, int)'> (0x0000000085cdef58) 
thrown [s\src\hotspot\share\interpreter\linkResolver.cpp, line 759]
Event: 5.426 Thread 0x000002a0fde86f20 Exception <a 'java/lang/NoSuchMethodError'{0x0000000085ce3888}: 'java.lang.Object java.lang.invoke.DirectMethodHandle$Holder.invokeSpecial(java.lang.Object, java.lang.Object, java.lang.Object, java.lang.Object, int)'> (0x0000000085ce3888) 
thrown [s\src\hotspot\share\interpreter\linkResolver.cpp, line 759]
Event: 5.426 Thread 0x000002a0fde86f20 Exception <a 'java/lang/NoSuchMethodError'{0x0000000085ce79a0}: 'java.lang.Object java.lang.invoke.Invokers$Holder.linkToTargetMethod(java.lang.Object, java.lang.Object, int, java.lang.Object)'> (0x0000000085ce79a0) 
thrown [s\src\hotspot\share\interpreter\linkResolver.cpp, line 759]
Event: 6.000 Thread 0x000002a0fde86f20 Exception <a 'java/lang/NoSuchMethodError'{0x0000000084e474e8}: 'int java.lang.invoke.DirectMethodHandle$Holder.invokeSpecialIFC(java.lang.Object, java.lang.Object, java.lang.Object, java.lang.Object)'> (0x0000000084e474e8) 
thrown [s\src\hotspot\share\interpreter\linkResolver.cpp, line 759]
Event: 6.004 Thread 0x000002a0fde86f20 Exception <a 'java/lang/NoSuchMethodError'{0x0000000084e56540}: 'java.lang.Object java.lang.invoke.DirectMethodHandle$Holder.invokeInterface(java.lang.Object, java.lang.Object, java.lang.Object)'> (0x0000000084e56540) 
thrown [s\src\hotspot\share\interpreter\linkResolver.cpp, line 759]
Event: 6.005 Thread 0x000002a0fde86f20 Exception <a 'java/lang/IncompatibleClassChangeError'{0x0000000084e5a158}: Found class java.lang.Object, but interface was expected> (0x0000000084e5a158) 
thrown [s\src\hotspot\share\interpreter\linkResolver.cpp, line 826]
Event: 6.039 Thread 0x000002a0fde86f20 Exception <a 'java/lang/NoSuchMethodError'{0x0000000084d55110}: 'int java.lang.invoke.DirectMethodHandle$Holder.invokeStatic(java.lang.Object, java.lang.Object, java.lang.Object, java.lang.Object)'> (0x0000000084d55110) 
thrown [s\src\hotspot\share\interpreter\linkResolver.cpp, line 759]
Event: 6.039 Thread 0x000002a0fde86f20 Exception <a 'java/lang/NoSuchMethodError'{0x0000000084d58d38}: 'java.lang.Object java.lang.invoke.Invokers$Holder.invokeExact_MT(java.lang.Object, java.lang.Object, java.lang.Object, java.lang.Object, java.lang.Object, java.lang.Object)'> (0x0000000084d58d38) 
thrown [s\src\hotspot\share\interpreter\linkResolver.cpp, line 759]
Event: 6.161 Thread 0x000002a0fde86f20 Exception <a 'java/lang/NoSuchMethodError'{0x000000008494aa80}: 'java.lang.Object java.lang.invoke.DirectMethodHandle$Holder.invokeSpecial(java.lang.Object, java.lang.Object, java.lang.Object, java.lang.Object, java.lang.Object, java.lang.Object, java.lang.Object, java.lang.Object, java.lang.Object)'> (0x000000008494aa80) 
thrown [s\src\hotspot\share\interpreter\linkResolver.cpp, line 759]
Event: 6.349 Thread 0x000002a0fde86f20 Exception <a 'java/lang/NoSuchMethodError'{0x000000008444aa40}: 'java.lang.Object java.lang.invoke.DirectMethodHandle$Holder.invokeVirtual(java.lang.Object, java.lang.Object, java.lang.Object, java.lang.Object)'> (0x000000008444aa40) 
thrown [s\src\hotspot\share\interpreter\linkResolver.cpp, line 759]
Event: 6.401 Thread 0x000002a0fde86f20 Exception <a 'java/lang/NoSuchMethodError'{0x00000000843a02f0}: 'java.lang.Object java.lang.invoke.DirectMethodHandle$Holder.newInvokeSpecial(java.lang.Object, java.lang.Object, java.lang.Object, java.lang.Object, java.lang.Object, java.lang.Object, java.lang.Object)'> (0x00000000843a02f0) 
thrown [s\src\hotspot\share\interpreter\linkResolver.cpp, line 759]
Event: 6.402 Thread 0x000002a0fde86f20 Exception <a 'java/lang/NoSuchMethodError'{0x00000000843a4fc0}: 'java.lang.Object java.lang.invoke.Invokers$Holder.linkToTargetMethod(java.lang.Object, java.lang.Object, java.lang.Object, java.lang.Object, java.lang.Object, java.lang.Object, java.lang.Object)'> (0x00000000843a4fc0) 
thrown [s\src\hotspot\share\interpreter\linkResolver.cpp, line 759]

VM Operations (20 events):
Event: 4.033 Executing VM operation: HandshakeAllThreads
Event: 4.033 Executing VM operation: HandshakeAllThreads done
Event: 4.351 Executing VM operation: HandshakeAllThreads
Event: 4.351 Executing VM operation: HandshakeAllThreads done
Event: 4.482 Executing VM operation: HandshakeAllThreads
Event: 4.482 Executing VM operation: HandshakeAllThreads done
Event: 5.051 Executing VM operation: HandshakeAllThreads
Event: 5.051 Executing VM operation: HandshakeAllThreads done
Event: 5.051 Executing VM operation: Cleanup
Event: 5.052 Executing VM operation: Cleanup done
Event: 5.337 Executing VM operation: G1CollectForAllocation
Event: 5.346 Executing VM operation: G1CollectForAllocation done
Event: 5.573 Executing VM operation: HandshakeAllThreads
Event: 5.573 Executing VM operation: HandshakeAllThreads done
Event: 5.574 Executing VM operation: HandshakeAllThreads
Event: 5.574 Executing VM operation: HandshakeAllThreads done
Event: 5.628 Executing VM operation: HandshakeAllThreads
Event: 5.629 Executing VM operation: HandshakeAllThreads done
Event: 5.629 Executing VM operation: HandshakeAllThreads
Event: 5.630 Executing VM operation: HandshakeAllThreads done

Events (20 events):
Event: 6.017 loading class java/io/ObjectOutputStream
Event: 6.018 loading class java/io/ObjectOutput
Event: 6.018 loading class java/io/ObjectOutput done
Event: 6.018 loading class java/io/ObjectStreamConstants
Event: 6.019 loading class java/io/ObjectStreamConstants done
Event: 6.019 loading class java/io/ObjectOutputStream done
Event: 6.020 loading class java/io/ObjectInputStream
Event: 6.021 loading class java/io/ObjectInput
Event: 6.021 loading class java/io/ObjectInput done
Event: 6.022 loading class java/io/ObjectInputStream done
Event: 6.284 loading class javax/xml/parsers/ParserConfigurationException
Event: 6.285 loading class javax/xml/parsers/ParserConfigurationException done
Event: 6.285 loading class org/xml/sax/SAXException
Event: 6.286 loading class org/xml/sax/SAXException done
Event: 6.286 loading class javax/xml/xpath/XPathExpressionException
Event: 6.287 loading class javax/xml/xpath/XPathException
Event: 6.288 loading class javax/xml/xpath/XPathException done
Event: 6.288 loading class javax/xml/xpath/XPathExpressionException done
Event: 6.288 loading class org/xml/sax/ErrorHandler
Event: 6.288 loading class org/xml/sax/ErrorHandler done


Dynamic libraries:
0x00007ff6e8bc0000 - 0x00007ff6e8bce000 	C:\Program Files\Microsoft\jdk-17.0.11.9-hotspot\bin\java.exe
0x00007ffcae9d0000 - 0x00007ffcaebe7000 	C:\WINDOWS\SYSTEM32\ntdll.dll
0x00007ffcadcb0000 - 0x00007ffcadd74000 	C:\WINDOWS\System32\KERNEL32.DLL
0x00007ffcac040000 - 0x00007ffcac3e7000 	C:\WINDOWS\System32\KERNELBASE.dll
0x00007ffcabcf0000 - 0x00007ffcabe01000 	C:\WINDOWS\System32\ucrtbase.dll
0x00007ffc85a80000 - 0x00007ffc85a97000 	C:\Program Files\Microsoft\jdk-17.0.11.9-hotspot\bin\jli.dll
0x00007ffc77c70000 - 0x00007ffc77c8b000 	C:\Program Files\Microsoft\jdk-17.0.11.9-hotspot\bin\VCRUNTIME140.dll
0x00007ffcad410000 - 0x00007ffcad5be000 	C:\WINDOWS\System32\USER32.dll
0x00007ffc8f620000 - 0x00007ffc8f8b3000 	C:\WINDOWS\WinSxS\amd64_microsoft.windows.common-controls_6595b64144ccf1df_6.0.22621.3527_none_270e469b73872a76\COMCTL32.dll
0x00007ffcac620000 - 0x00007ffcac646000 	C:\WINDOWS\System32\win32u.dll
0x00007ffcadd80000 - 0x00007ffcade27000 	C:\WINDOWS\System32\msvcrt.dll
0x00007ffcad3e0000 - 0x00007ffcad409000 	C:\WINDOWS\System32\GDI32.dll
0x00007ffcac500000 - 0x00007ffcac619000 	C:\WINDOWS\System32\gdi32full.dll
0x00007ffcac460000 - 0x00007ffcac4fa000 	C:\WINDOWS\System32\msvcp_win.dll
0x00007ffcae050000 - 0x00007ffcae081000 	C:\WINDOWS\System32\IMM32.DLL
0x00007ffc7e020000 - 0x00007ffc7e02c000 	C:\Program Files\Microsoft\jdk-17.0.11.9-hotspot\bin\vcruntime140_1.dll
0x00007ffc77be0000 - 0x00007ffc77c6d000 	C:\Program Files\Microsoft\jdk-17.0.11.9-hotspot\bin\msvcp140.dll
0x00007ffc08f80000 - 0x00007ffc09be6000 	C:\Program Files\Microsoft\jdk-17.0.11.9-hotspot\bin\server\jvm.dll
0x00007ffcad650000 - 0x00007ffcad702000 	C:\WINDOWS\System32\ADVAPI32.dll
0x00007ffcad330000 - 0x00007ffcad3d8000 	C:\WINDOWS\System32\sechost.dll
0x00007ffcac6d0000 - 0x00007ffcac6f8000 	C:\WINDOWS\System32\bcrypt.dll
0x00007ffcae4f0000 - 0x00007ffcae605000 	C:\WINDOWS\System32\RPCRT4.dll
0x00007ffcaba00000 - 0x00007ffcaba4d000 	C:\WINDOWS\SYSTEM32\POWRPROF.dll
0x00007ffca0ea0000 - 0x00007ffca0ea9000 	C:\WINDOWS\SYSTEM32\WSOCK32.dll
0x00007ffca44f0000 - 0x00007ffca4524000 	C:\WINDOWS\SYSTEM32\WINMM.dll
0x00007ffca4100000 - 0x00007ffca410a000 	C:\WINDOWS\SYSTEM32\VERSION.dll
0x00007ffcae190000 - 0x00007ffcae201000 	C:\WINDOWS\System32\WS2_32.dll
0x00007ffcab9e0000 - 0x00007ffcab9f3000 	C:\WINDOWS\SYSTEM32\UMPDC.dll
0x00007ffcaacf0000 - 0x00007ffcaad08000 	C:\WINDOWS\SYSTEM32\kernel.appcore.dll
0x00007ffc7d9f0000 - 0x00007ffc7d9fa000 	C:\Program Files\Microsoft\jdk-17.0.11.9-hotspot\bin\jimage.dll
0x00007ffca9660000 - 0x00007ffca9892000 	C:\WINDOWS\SYSTEM32\DBGHELP.DLL
0x00007ffcacf80000 - 0x00007ffcad308000 	C:\WINDOWS\System32\combase.dll
0x00007ffcae220000 - 0x00007ffcae2f7000 	C:\WINDOWS\System32\OLEAUT32.dll
0x00007ffc9f720000 - 0x00007ffc9f752000 	C:\WINDOWS\SYSTEM32\dbgcore.DLL
0x00007ffcac650000 - 0x00007ffcac6c9000 	C:\WINDOWS\System32\bcryptPrimitives.dll
0x00007ffc7c800000 - 0x00007ffc7c80e000 	C:\Program Files\Microsoft\jdk-17.0.11.9-hotspot\bin\instrument.dll
0x00007ffc77af0000 - 0x00007ffc77b15000 	C:\Program Files\Microsoft\jdk-17.0.11.9-hotspot\bin\java.dll
0x00007ffc540f0000 - 0x00007ffc541c7000 	C:\Program Files\Microsoft\jdk-17.0.11.9-hotspot\bin\jsvml.dll
0x00007ffcac700000 - 0x00007ffcacf5c000 	C:\WINDOWS\System32\SHELL32.dll
0x00007ffca9be0000 - 0x00007ffcaa4d6000 	C:\WINDOWS\SYSTEM32\windows.storage.dll
0x00007ffca9aa0000 - 0x00007ffca9bde000 	C:\WINDOWS\SYSTEM32\wintypes.dll
0x00007ffcae300000 - 0x00007ffcae3f5000 	C:\WINDOWS\System32\SHCORE.dll
0x00007ffcae770000 - 0x00007ffcae7ce000 	C:\WINDOWS\System32\shlwapi.dll
0x00007ffcabc20000 - 0x00007ffcabc41000 	C:\WINDOWS\SYSTEM32\profapi.dll
0x00007ffc73d90000 - 0x00007ffc73da8000 	C:\Program Files\Microsoft\jdk-17.0.11.9-hotspot\bin\zip.dll
0x00007ffc77ad0000 - 0x00007ffc77ae9000 	C:\Program Files\Microsoft\jdk-17.0.11.9-hotspot\bin\net.dll
0x00007ffca5d10000 - 0x00007ffca5e46000 	C:\WINDOWS\SYSTEM32\WINHTTP.dll
0x00007ffcab180000 - 0x00007ffcab1e9000 	C:\WINDOWS\system32\mswsock.dll
0x00007ffc77ab0000 - 0x00007ffc77ac6000 	C:\Program Files\Microsoft\jdk-17.0.11.9-hotspot\bin\nio.dll
0x00007ffc7d890000 - 0x00007ffc7d8a0000 	C:\Program Files\Microsoft\jdk-17.0.11.9-hotspot\bin\verify.dll
0x00007ffc66280000 - 0x00007ffc662a7000 	C:\Users\ritik\.gradle\native\68d5fa5c4cc2d200863cafc0d521ce42e7d3e7ee720ec0a83991735586a16f82\windows-amd64\native-platform.dll
0x00007ffc50c00000 - 0x00007ffc50d44000 	C:\Users\ritik\.gradle\native\e376f236ea51e6404a007f0833ffe2c6e607c4080706a723a18a27aeea778392\windows-amd64\native-platform-file-events.dll
0x00007ffc7d680000 - 0x00007ffc7d689000 	C:\Program Files\Microsoft\jdk-17.0.11.9-hotspot\bin\management.dll
0x00007ffc7ccc0000 - 0x00007ffc7cccb000 	C:\Program Files\Microsoft\jdk-17.0.11.9-hotspot\bin\management_ext.dll
0x00007ffcad710000 - 0x00007ffcad718000 	C:\WINDOWS\System32\PSAPI.DLL
0x00007ffcab3e0000 - 0x00007ffcab3fb000 	C:\WINDOWS\SYSTEM32\CRYPTSP.dll
0x00007ffcaac50000 - 0x00007ffcaac85000 	C:\WINDOWS\system32\rsaenh.dll
0x00007ffcab280000 - 0x00007ffcab2a8000 	C:\WINDOWS\SYSTEM32\USERENV.dll
0x00007ffcab400000 - 0x00007ffcab40c000 	C:\WINDOWS\SYSTEM32\CRYPTBASE.dll
0x00007ffcaa780000 - 0x00007ffcaa7ad000 	C:\WINDOWS\SYSTEM32\IPHLPAPI.DLL
0x00007ffcae210000 - 0x00007ffcae219000 	C:\WINDOWS\System32\NSI.dll
0x00007ffca5e70000 - 0x00007ffca5e89000 	C:\WINDOWS\SYSTEM32\dhcpcsvc6.DLL
0x00007ffca5460000 - 0x00007ffca547f000 	C:\WINDOWS\SYSTEM32\dhcpcsvc.DLL
0x00007ffcaa7b0000 - 0x00007ffcaa8a8000 	C:\WINDOWS\SYSTEM32\DNSAPI.dll
0x00007ffc7c980000 - 0x00007ffc7c989000 	C:\Program Files\Microsoft\jdk-17.0.11.9-hotspot\bin\extnet.dll
0x00007ffc7c3e0000 - 0x00007ffc7c3ee000 	C:\Program Files\Microsoft\jdk-17.0.11.9-hotspot\bin\sunmscapi.dll
0x00007ffcabed0000 - 0x00007ffcac038000 	C:\WINDOWS\System32\CRYPT32.dll
0x00007ffcab610000 - 0x00007ffcab63e000 	C:\WINDOWS\SYSTEM32\ncrypt.dll
0x00007ffcab5d0000 - 0x00007ffcab607000 	C:\WINDOWS\SYSTEM32\NTASN1.dll
0x00007ffc4a680000 - 0x00007ffc4a688000 	C:\WINDOWS\system32\wshunix.dll

dbghelp: loaded successfully - version: 4.0.5 - missing functions: none
symbol engine: initialized successfully - sym options: 0x614 - pdb path: .;C:\Program Files\Microsoft\jdk-17.0.11.9-hotspot\bin;C:\WINDOWS\SYSTEM32;C:\WINDOWS\WinSxS\amd64_microsoft.windows.common-controls_6595b64144ccf1df_6.0.22621.3527_none_270e469b73872a76;C:\Program Files\Microsoft\jdk-17.0.11.9-hotspot\bin\server;C:\Users\ritik\.gradle\native\68d5fa5c4cc2d200863cafc0d521ce42e7d3e7ee720ec0a83991735586a16f82\windows-amd64;C:\Users\ritik\.gradle\native\e376f236ea51e6404a007f0833ffe2c6e607c4080706a723a18a27aeea778392\windows-amd64

VM Arguments:
jvm_args: -XX:MaxMetaspaceSize=512m --add-opens=java.base/java.util=ALL-UNNAMED --add-opens=java.base/java.lang=ALL-UNNAMED --add-opens=java.base/java.lang.invoke=ALL-UNNAMED --add-opens=java.prefs/java.util.prefs=ALL-UNNAMED --add-opens=java.base/java.nio.charset=ALL-UNNAMED --add-opens=java.base/java.net=ALL-UNNAMED --add-opens=java.base/java.util.concurrent.atomic=ALL-UNNAMED -Xmx2048m -Dfile.encoding=windows-1252 -Duser.country=IN -Duser.language=en -Duser.variant -javaagent:C:\Users\ritik\.gradle\wrapper\dists\gradle-8.3-all\6en3ugtfdg5xnpx44z4qbwgas\gradle-8.3\lib\agents\gradle-instrumentation-agent-8.3.jar 
java_command: org.gradle.launcher.daemon.bootstrap.GradleDaemon 8.3
java_class_path (initial): C:\Users\ritik\.gradle\wrapper\dists\gradle-8.3-all\6en3ugtfdg5xnpx44z4qbwgas\gradle-8.3\lib\gradle-launcher-8.3.jar
Launcher Type: SUN_STANDARD

[Global flags]
     intx CICompilerCount                          = 4                                         {product} {ergonomic}
   size_t CompressedClassSpaceSize                 = 436207616                                 {product} {ergonomic}
     uint ConcGCThreads                            = 3                                         {product} {ergonomic}
     uint G1ConcRefinementThreads                  = 10                                        {product} {ergonomic}
   size_t G1HeapRegionSize                         = 1048576                                   {product} {ergonomic}
    uintx GCDrainStackTargetSize                   = 64                                        {product} {ergonomic}
   size_t InitialHeapSize                          = 98566144                                  {product} {ergonomic}
   size_t MarkStackSize                            = 4194304                                   {product} {ergonomic}
   size_t MaxHeapSize                              = 2147483648                                {product} {command line}
   size_t MaxMetaspaceSize                         = 536870912                                 {product} {command line}
   size_t MaxNewSize                               = 1287651328                                {product} {ergonomic}
   size_t MinHeapDeltaBytes                        = 1048576                                   {product} {ergonomic}
   size_t MinHeapSize                              = 8388608                                   {product} {ergonomic}
    uintx NonNMethodCodeHeapSize                   = 5839372                                {pd product} {ergonomic}
    uintx NonProfiledCodeHeapSize                  = 122909434                              {pd product} {ergonomic}
    uintx ProfiledCodeHeapSize                     = 122909434                              {pd product} {ergonomic}
    uintx ReservedCodeCacheSize                    = 251658240                              {pd product} {ergonomic}
     bool SegmentedCodeCache                       = true                                      {product} {ergonomic}
   size_t SoftMaxHeapSize                          = 2147483648                             {manageable} {ergonomic}
     bool UseCompressedClassPointers               = true                           {product lp64_product} {ergonomic}
     bool UseCompressedOops                        = true                           {product lp64_product} {ergonomic}
     bool UseG1GC                                  = true                                      {product} {ergonomic}
     bool UseLargePagesIndividualAllocation        = false                                  {pd product} {ergonomic}

Logging:
Log output configuration:
 #0: stdout all=warning uptime,level,tags
 #1: stderr all=off uptime,level,tags

Environment Variables:
JAVA_HOME=C:\Program Files\Microsoft\jdk-17.0.11.9-hotspot\
CLASSPATH=C:\VTrack\Project\VTrack\android\\gradle\wrapper\gradle-wrapper.jar
PATH=C:\VTrack\Project\VTrack\node_modules\.bin;C:\VTrack\Project\VTrack\node_modules\.bin;C:\VTrack\Project\node_modules\.bin;C:\VTrack\node_modules\.bin;C:\node_modules\.bin;C:\Users\ritik\AppData\Roaming\npm\node_modules\npm\node_modules\@npmcli\run-script\lib\node-gyp-bin;C:\VTrack\Project\VTrack\node_modules\.bin;C:\VTrack\Project\VTrack\node_modules\.bin;C:\VTrack\Project\node_modules\.bin;C:\VTrack\node_modules\.bin;C:\node_modules\.bin;C:\Users\ritik\AppData\Roaming\npm\node_modules\npm\node_modules\@npmcli\run-script\lib\node-gyp-bin;C:\Program Files\Microsoft\jdk-17.0.11.9-hotspot\bin;C:\Program Files\Eclipse Adoptium\jdk-11.0.22.7-hotspot\bin;C:\Python311\Scripts\;C:\Python311\;C:\WINDOWS\system32;C:\WINDOWS;C:\WINDOWS\System32\Wbem;C:\WINDOWS\System32\WindowsPowerShell\v1.0\;C:\WINDOWS\System32\OpenSSH\;C:\Program Files\dotnet\;C:\Program Files\Git\cmd;C:\MinGW;C:\MinGW\bin;C:\Program Files\MATLAB\R2023b\bin;C:\Program Files\MATLAB\R2022a\bin;C:\Program Files (x86)\IVI Foundation\VISA\WinNT\Bin\;C:\Program Files\IVI Foundation\VISA\Win64\Bin\;C:\Program Files (x86)\IVI Foundation\IVI\Bin\;C:\Program Files\IVI Foundation\IVI\Bin\;C:\Program Files (x86)\IVI Foundation\VISA\WinNT\Bin;C:\ProgramData\chocolatey\bin;C:\Program Files\MySQL\MySQL Server 8.0\bin;C:\Program Files\nodejs\;C:\Users\ritik\AppData\Local\Android\Sdk\platform-tools;C:\Program Files\Microsoft\jdk-17.0.11.9-hotspot;C:\Program Files\MySQL\MySQL Shell 8.0\bin\;C:\Users\ritik\AppData\Local\Programs\Python\Python310\Scripts\;C:\Users\ritik\AppData\Local\Programs\Python\Python310\;C:\Users\ritik\AppData\Local\Microsoft\WindowsApps;C:\Users\ritik\AppData\Local\Programs\Microsoft VS Code\bin;C:\Users\ritik\AppData\Local\Programs\Python\Python310;C:\MinGW;C:\Program Files (x86)\mingw-w64\i686-8.1.0-posix-dwarf-rt_v6-rev0\mingw32\bin;C:\Users\ritik\AppData\Local\GitHubDesktop\bin;"C:\Users\ritik\AppData\Local\Microsoft\WindowsApps;C:\MinGW\bin;";C:\Users\ritik\AppData\Roaming\npm
USERNAME=ritik
LANG=en_US.UTF-8
OS=Windows_NT
PROCESSOR_IDENTIFIER=AMD64 Family 23 Model 104 Stepping 1, AuthenticAMD
TMP=C:\Users\ritik\AppData\Local\Temp
TEMP=C:\Users\ritik\AppData\Local\Temp



Periodic native trim disabled


---------------  S Y S T E M  ---------------

OS:
 Windows 11 , 64 bit Build 22621 (10.0.22621.3527)
OS uptime: 1 days 19:29 hours
Hyper-V role detected

CPU: total 12 (initial active 12) (12 cores per cpu, 2 threads per core) family 23 model 104 stepping 1 microcode 0x0, cx8, cmov, fxsr, ht, mmx, 3dnowpref, sse, sse2, sse3, ssse3, sse4a, sse4.1, sse4.2, popcnt, lzcnt, tsc, tscinvbit, avx, avx2, aes, clmul, bmi1, bmi2, adx, sha, fma, vzeroupper, clflush, clflushopt, hv
Processor Information for processor 0
  Max Mhz: 2100, Current Mhz: 2100, Mhz Limit: 2100
Processor Information for processor 1
  Max Mhz: 2100, Current Mhz: 1988, Mhz Limit: 2100
Processor Information for processor 2
  Max Mhz: 2100, Current Mhz: 1988, Mhz Limit: 2100
Processor Information for processor 3
  Max Mhz: 2100, Current Mhz: 2100, Mhz Limit: 2100
Processor Information for processor 4
  Max Mhz: 2100, Current Mhz: 1988, Mhz Limit: 2100
Processor Information for processor 5
  Max Mhz: 2100, Current Mhz: 2100, Mhz Limit: 2100
Processor Information for processor 6
  Max Mhz: 2100, Current Mhz: 1988, Mhz Limit: 2100
Processor Information for processor 7
  Max Mhz: 2100, Current Mhz: 1988, Mhz Limit: 2100
Processor Information for processor 8
  Max Mhz: 2100, Current Mhz: 2100, Mhz Limit: 2100
Processor Information for processor 9
  Max Mhz: 2100, Current Mhz: 2100, Mhz Limit: 2100
Processor Information for processor 10
  Max Mhz: 2100, Current Mhz: 2100, Mhz Limit: 2100
Processor Information for processor 11
  Max Mhz: 2100, Current Mhz: 2100, Mhz Limit: 2100

Memory: 4k page, system-wide physical 5989M (221M free)
TotalPageFile size 24421M (AvailPageFile size 4M)
current process WorkingSet (physical memory assigned to process): 170M, peak: 170M
current process commit charge ("private bytes"): 240M, peak: 240M

vm_info: OpenJDK 64-Bit Server VM (17.0.11+9-LTS) for windows-amd64 JRE (17.0.11+9-LTS), built on Apr  9 2024 22:05:54 by "MicrosoftCorporation" with MS VC++ 16.10 / 16.11 (VS2019)

END.
